Ad Found

Total Ads: 13
/Users/dan/Downloads/Bitcoin Historical Data (18).csv
/Users/dan/projects/price_predict/data/cryptos/Bitcoin_Historical_Data_08-19-2021.csv
-2.84%
-2.12%
-0.19%
-1.52%
-2.55%
-0.06%
-1.49%
-1.84%
-2.65%
-1.78%
-4.03%
-1.54%
-0.00%
-3.38%
-2.98%
-1.40%
-2.99%
-1.16%
-3.26%
-0.85%
-2.96%
-1.05%
-4.56%
-4.23%
-2.25%
-0.58%
-8.86%
-10.97%
-0.66%
-6.05%
-0.74%
-4.53%
-0.92%
-4.95%
-1.83%
-0.58%
-6.25%
-3.61%
-5.96%
-1.64%
-3.02%
-7.17%
-2.12%
-0.96%
-7.39%
-8.40%
-14.40%
-1.48%
-6.21%
-0.60%
-6.28%
-12.90%
-4.10%
-1.02%
-1.80%
-6.00%
-2.08%
-2.34%
-0.35%
-2.25%
-2.06%
-1.13%
-3.88%
-4.71%
-1.00%
-6.39%
-2.18%
-2.90%
-0.88%
-0.19%
-3.53%
-1.69%
-3.25%
-0.08%
-0.01%
-0.17%
-1.92%
-3.91%
-5.62%
-1.22%
-2.13%
-5.62%
-3.40%
-0.92%
-3.90%
-2.36%
-2.11%
-0.45%
-1.24%
-5.57%
-9.61%
-5.78%
-0.95%
-1.45%
-0.43%
-1.29%
-3.60%
-1.03%
-1.77%
-3.43%
-0.05%
-6.46%
-2.76%
-13.06%
-1.46%
-1.67%
-0.50%
-2.24%
-5.95%
-4.13%
-6.93%
-4.88%
-1.10%
-2.84%
{'4', '3', '5', '-', '0', '%', '7', '.', '6', '8', '9', '2', '1'}
Doing grid search
{'gamma': 0.01, 'learning_rate': 0.01, 'max_depth': 4, 'n_estimators': 200, 'random_state': 42}
mean_squared_error = 20356496.0
Bankroll at 0
Bankroll at 0.0
Bankroll at 0.0
Bankroll at 0.0
Bankroll at 0.0
Bankroll at 0.0
Bankroll at 0.0
Bankroll at 0.0
Bankroll at 0.0
Bankroll at 0.0
Bankroll at 0.0
Bankroll at 0.0
Bankroll at 0.0
Bankroll at 0.0
Bankroll at 0.0
Bankroll at 0.0
Bankroll at 0.0
Bankroll at 0.0
Bankroll at 0.0
Bankroll at 0.0
Bankroll at 0.0
Bankroll at 0.0
Bankroll at 0.0
Bankroll at 0.0
Bankroll at 0.0
Bankroll at 0.0
Bankroll at 0.0
Bankroll at 0.0
Bankroll at 0.0
Bankroll at 0.0
Bankroll at 0.0
Bankroll at 0.0
Bankroll at 0.0
Bankroll at 0.0
Bankroll at -125.0
Bankroll at -250.0
Bankroll at -375.0
Bankroll at -500.0
Bankroll at -625.0
Bankroll at -750.0
Bankroll at -875.0
Bankroll at -1000.0
Bankroll at -1125.0
Bankroll at -1250.0
Bankroll at -1375.0
Bankroll at -1500.0
Bankroll at -1625.0
Bankroll at -1750.0
Bankroll at -1875.0
Bankroll at -2000.0
Bankroll at -2125.0
Bankroll at -2250.0
Bankroll at -2375.0
Bankroll at -2500.0
Bankroll at -2625.0
Bankroll at -2750.0
Bankroll at -2875.0
Bankroll at -3000.0
Bankroll at -3125.0
Bankroll at -3250.0
Bankroll at -3375.0
Bankroll at -3500.0
Bankroll at -3625.0
Bankroll at -3750.0
Bankroll at -3875.0
Bankroll at -4000.0
Bankroll at -4125.0
Bankroll at -4250.0
Bankroll at -4375.0
Bankroll at -4500.0
Bankroll at -4625.0
Bankroll at -4750.0
Bankroll at -4875.0
Bankroll at -5000.0
Bankroll at -5125.0
Bankroll at -5250.0
Bankroll at -5375.0
Bankroll at -5500.0
Bankroll at -5625.0
Bankroll at -5750.0
Bankroll at -5875.0
Bankroll at -6000.0
Bankroll at -6125.0
Bankroll at -6250.0
Bankroll at -6375.0
Bankroll at -6500.0
Bankroll at -6625.0
Bankroll at -6750.0
Bankroll at -6875.0
Bankroll at -7000.0
Bankroll at -7125.0
Bankroll at -7250.0
Bankroll at -7375.0
Bankroll at -7500.0
Bankroll at -7625.0
Bankroll at -7750.0
Bankroll at -7875.0
Bankroll at -8000.0
Bankroll at -8125.0
Bankroll at -8250.0
Bankroll at -8375.0
Bankroll at -8500.0
Bankroll at -8625.0
Bankroll at -8750.0
Bankroll at 1250.1287878447438
Bankroll at 1250.1287878447438
Bankroll at 1250.1287878447438
Bankroll at 1250.1287878447438
Bankroll at 1250.1287878447438
Bankroll at 1250.1287878447438
Bankroll at 1125.1287878447438
Bankroll at 1255.3955888643152
Bankroll at 1255.3955888643152
Bankroll at 1255.3955888643152
Bankroll at 1255.3955888643152
Bankroll at 1255.3955888643152
Bankroll at 1255.3955888643152
Bankroll at 1255.3955888643152
Bankroll at 1255.3955888643152
Bankroll at 1255.3955888643152
Bankroll at 1255.3955888643152
Bankroll at 1255.3955888643152
Bankroll at 1255.3955888643152
Bankroll at 1255.3955888643152
Bankroll at 1255.3955888643152
Results:
	Model would have performed this well in the last 125 days : 1255.3955888643152
	...with largest investment of -8750.0 
Price today: 44808.19921875
Predicted price tomorrow: 40826.796875
-3981.4023
No Bitcoin to sell. How can you short it?
